<?xml version="1.0" encoding="UTF-8"?>
<!-- Generated by org.testng.reporters.JUnitReportReporter -->
<testsuite skipped="0" hostname="Dev05" name="tests.SignInTest" tests="1" failures="0" timestamp="25 Sep 2017 21:36:18 GMT" time="30.429" errors="0">
  <testcase name="testSignIn" time="30.429" classname="tests.SignInTest"/>
</testsuite> <!-- tests.SignInTest -->
